<?xml version="1.0" encoding="UTF-8"?>
<!-- Generated by org.testng.reporters.JUnitReportReporter -->
<testsuite hostname="LAPTOP-B2JTSNQK" failures="0" tests="1" name="com.google.FirstTest" time="7.188" errors="0" timestamp="12 feb. 2022 17:42:05 GMT" skipped="0">
  <testcase classname="com.google.FirstTest" name="googleTest" time="7.188"/>
</testsuite> <!-- com.google.FirstTest -->
